ERROR - 2025-12-20 10:05:53 --> mysqli_sql_exception: Table 'psychometrica_db.psy_user_tests' doesn't exist in /var/www/html/psychometrica/vendor/codeigniter4/framework/system/Database/MySQLi/Connection.php:327
Stack trace:
#0 /var/www/html/psychometrica/vendor/codeigniter4/framework/system/Database/MySQLi/Connection.php(327): mysqli->query()
#1 /var/www/html/psychometrica/vendor/codeigniter4/framework/system/Database/BaseConnection.php(738): CodeIgniter\Database\MySQLi\Connection->execute()
#2 /var/www/html/psychometrica/vendor/codeigniter4/framework/system/Database/BaseConnection.php(652): CodeIgniter\Database\BaseConnection->simpleQuery()
#3 /var/www/html/psychometrica/vendor/codeigniter4/framework/system/Database/BaseBuilder.php(1649): CodeIgniter\Database\BaseConnection->query()
#4 /var/www/html/psychometrica/app/Models/QuizModel.php(398): CodeIgniter\Database\BaseBuilder->get()
#5 /var/www/html/psychometrica/app/Controllers/QuizController.php(63): App\Models\QuizModel->getAllQuestionDetails()
#6 /var/www/html/psychometrica/vendor/codeigniter4/framework/system/CodeIgniter.php(933): App\Controllers\QuizController->questionDetails()
#7 /var/www/html/psychometrica/vendor/codeigniter4/framework/system/CodeIgniter.php(507): CodeIgniter\CodeIgniter->runController()
#8 /var/www/html/psychometrica/vendor/codeigniter4/framework/system/CodeIgniter.php(354): CodeIgniter\CodeIgniter->handleRequest()
#9 /var/www/html/psychometrica/vendor/codeigniter4/framework/system/Boot.php(334): CodeIgniter\CodeIgniter->run()
#10 /var/www/html/psychometrica/vendor/codeigniter4/framework/system/Boot.php(67): CodeIgniter\Boot::runCodeIgniter()
#11 /var/www/html/psychometrica/public/index.php(56): CodeIgniter\Boot::bootWeb()
#12 {main}
CRITICAL - 2025-12-20 10:05:53 --> CodeIgniter\Database\Exceptions\DatabaseException: Table 'psychometrica_db.psy_user_tests' doesn't exist
[Method: GET, Route: quiz/questionDetails]
in SYSTEMPATH/Database/BaseConnection.php on line 692.
 1 SYSTEMPATH/Database/BaseBuilder.php(1649): CodeIgniter\Database\BaseConnection->query()
 2 APPPATH/Models/QuizModel.php(398): CodeIgniter\Database\BaseBuilder->get()
 3 APPPATH/Controllers/QuizController.php(63): App\Models\QuizModel->getAllQuestionDetails()
 4 SYSTEMPATH/CodeIgniter.php(933): App\Controllers\QuizController->questionDetails()
 5 SYSTEMPATH/CodeIgniter.php(507): CodeIgniter\CodeIgniter->runController()
 6 SYSTEMPATH/CodeIgniter.php(354): CodeIgniter\CodeIgniter->handleRequest()
 7 SYSTEMPATH/Boot.php(334): CodeIgniter\CodeIgniter->run()
 8 SYSTEMPATH/Boot.php(67): CodeIgniter\Boot::runCodeIgniter()
 9 FCPATH/index.php(56): CodeIgniter\Boot::bootWeb()
CRITICAL - 2025-12-20 10:05:53 --> [Caused by] CodeIgniter\Database\Exceptions\DatabaseException: Table 'psychometrica_db.psy_user_tests' doesn't exist
in SYSTEMPATH/Database/MySQLi/Connection.php on line 332.
 1 SYSTEMPATH/Database/BaseConnection.php(738): CodeIgniter\Database\MySQLi\Connection->execute()
 2 SYSTEMPATH/Database/BaseConnection.php(652): CodeIgniter\Database\BaseConnection->simpleQuery()
 3 SYSTEMPATH/Database/BaseBuilder.php(1649): CodeIgniter\Database\BaseConnection->query()
 4 APPPATH/Models/QuizModel.php(398): CodeIgniter\Database\BaseBuilder->get()
 5 APPPATH/Controllers/QuizController.php(63): App\Models\QuizModel->getAllQuestionDetails()
 6 SYSTEMPATH/CodeIgniter.php(933): App\Controllers\QuizController->questionDetails()
 7 SYSTEMPATH/CodeIgniter.php(507): CodeIgniter\CodeIgniter->runController()
 8 SYSTEMPATH/CodeIgniter.php(354): CodeIgniter\CodeIgniter->handleRequest()
 9 SYSTEMPATH/Boot.php(334): CodeIgniter\CodeIgniter->run()
10 SYSTEMPATH/Boot.php(67): CodeIgniter\Boot::runCodeIgniter()
11 FCPATH/index.php(56): CodeIgniter\Boot::bootWeb()
CRITICAL - 2025-12-20 10:05:53 --> [Caused by] mysqli_sql_exception: Table 'psychometrica_db.psy_user_tests' doesn't exist
in SYSTEMPATH/Database/MySQLi/Connection.php on line 327.
 1 SYSTEMPATH/Database/MySQLi/Connection.php(327): mysqli->query()
 2 SYSTEMPATH/Database/BaseConnection.php(738): CodeIgniter\Database\MySQLi\Connection->execute()
 3 SYSTEMPATH/Database/BaseConnection.php(652): CodeIgniter\Database\BaseConnection->simpleQuery()
 4 SYSTEMPATH/Database/BaseBuilder.php(1649): CodeIgniter\Database\BaseConnection->query()
 5 APPPATH/Models/QuizModel.php(398): CodeIgniter\Database\BaseBuilder->get()
 6 APPPATH/Controllers/QuizController.php(63): App\Models\QuizModel->getAllQuestionDetails()
 7 SYSTEMPATH/CodeIgniter.php(933): App\Controllers\QuizController->questionDetails()
 8 SYSTEMPATH/CodeIgniter.php(507): CodeIgniter\CodeIgniter->runController()
 9 SYSTEMPATH/CodeIgniter.php(354): CodeIgniter\CodeIgniter->handleRequest()
10 SYSTEMPATH/Boot.php(334): CodeIgniter\CodeIgniter->run()
11 SYSTEMPATH/Boot.php(67): CodeIgniter\Boot::runCodeIgniter()
12 FCPATH/index.php(56): CodeIgniter\Boot::bootWeb()
ERROR - 2025-12-20 10:08:57 --> mysqli_sql_exception: Table 'psychometrica_db.psy_user_tests' doesn't exist in /var/www/html/psychometrica/vendor/codeigniter4/framework/system/Database/MySQLi/Connection.php:327
Stack trace:
#0 /var/www/html/psychometrica/vendor/codeigniter4/framework/system/Database/MySQLi/Connection.php(327): mysqli->query()
#1 /var/www/html/psychometrica/vendor/codeigniter4/framework/system/Database/BaseConnection.php(738): CodeIgniter\Database\MySQLi\Connection->execute()
#2 /var/www/html/psychometrica/vendor/codeigniter4/framework/system/Database/BaseConnection.php(652): CodeIgniter\Database\BaseConnection->simpleQuery()
#3 /var/www/html/psychometrica/vendor/codeigniter4/framework/system/Database/BaseBuilder.php(1649): CodeIgniter\Database\BaseConnection->query()
#4 /var/www/html/psychometrica/app/Models/QuizModel.php(398): CodeIgniter\Database\BaseBuilder->get()
#5 /var/www/html/psychometrica/app/Controllers/QuizController.php(63): App\Models\QuizModel->getAllQuestionDetails()
#6 /var/www/html/psychometrica/vendor/codeigniter4/framework/system/CodeIgniter.php(933): App\Controllers\QuizController->questionDetails()
#7 /var/www/html/psychometrica/vendor/codeigniter4/framework/system/CodeIgniter.php(507): CodeIgniter\CodeIgniter->runController()
#8 /var/www/html/psychometrica/vendor/codeigniter4/framework/system/CodeIgniter.php(354): CodeIgniter\CodeIgniter->handleRequest()
#9 /var/www/html/psychometrica/vendor/codeigniter4/framework/system/Boot.php(334): CodeIgniter\CodeIgniter->run()
#10 /var/www/html/psychometrica/vendor/codeigniter4/framework/system/Boot.php(67): CodeIgniter\Boot::runCodeIgniter()
#11 /var/www/html/psychometrica/public/index.php(56): CodeIgniter\Boot::bootWeb()
#12 {main}
CRITICAL - 2025-12-20 10:08:57 --> CodeIgniter\Database\Exceptions\DatabaseException: Table 'psychometrica_db.psy_user_tests' doesn't exist
[Method: GET, Route: quiz/questionDetails]
in SYSTEMPATH/Database/BaseConnection.php on line 692.
 1 SYSTEMPATH/Database/BaseBuilder.php(1649): CodeIgniter\Database\BaseConnection->query()
 2 APPPATH/Models/QuizModel.php(398): CodeIgniter\Database\BaseBuilder->get()
 3 APPPATH/Controllers/QuizController.php(63): App\Models\QuizModel->getAllQuestionDetails()
 4 SYSTEMPATH/CodeIgniter.php(933): App\Controllers\QuizController->questionDetails()
 5 SYSTEMPATH/CodeIgniter.php(507): CodeIgniter\CodeIgniter->runController()
 6 SYSTEMPATH/CodeIgniter.php(354): CodeIgniter\CodeIgniter->handleRequest()
 7 SYSTEMPATH/Boot.php(334): CodeIgniter\CodeIgniter->run()
 8 SYSTEMPATH/Boot.php(67): CodeIgniter\Boot::runCodeIgniter()
 9 FCPATH/index.php(56): CodeIgniter\Boot::bootWeb()
CRITICAL - 2025-12-20 10:08:57 --> [Caused by] CodeIgniter\Database\Exceptions\DatabaseException: Table 'psychometrica_db.psy_user_tests' doesn't exist
in SYSTEMPATH/Database/MySQLi/Connection.php on line 332.
 1 SYSTEMPATH/Database/BaseConnection.php(738): CodeIgniter\Database\MySQLi\Connection->execute()
 2 SYSTEMPATH/Database/BaseConnection.php(652): CodeIgniter\Database\BaseConnection->simpleQuery()
 3 SYSTEMPATH/Database/BaseBuilder.php(1649): CodeIgniter\Database\BaseConnection->query()
 4 APPPATH/Models/QuizModel.php(398): CodeIgniter\Database\BaseBuilder->get()
 5 APPPATH/Controllers/QuizController.php(63): App\Models\QuizModel->getAllQuestionDetails()
 6 SYSTEMPATH/CodeIgniter.php(933): App\Controllers\QuizController->questionDetails()
 7 SYSTEMPATH/CodeIgniter.php(507): CodeIgniter\CodeIgniter->runController()
 8 SYSTEMPATH/CodeIgniter.php(354): CodeIgniter\CodeIgniter->handleRequest()
 9 SYSTEMPATH/Boot.php(334): CodeIgniter\CodeIgniter->run()
10 SYSTEMPATH/Boot.php(67): CodeIgniter\Boot::runCodeIgniter()
11 FCPATH/index.php(56): CodeIgniter\Boot::bootWeb()
CRITICAL - 2025-12-20 10:08:57 --> [Caused by] mysqli_sql_exception: Table 'psychometrica_db.psy_user_tests' doesn't exist
in SYSTEMPATH/Database/MySQLi/Connection.php on line 327.
 1 SYSTEMPATH/Database/MySQLi/Connection.php(327): mysqli->query()
 2 SYSTEMPATH/Database/BaseConnection.php(738): CodeIgniter\Database\MySQLi\Connection->execute()
 3 SYSTEMPATH/Database/BaseConnection.php(652): CodeIgniter\Database\BaseConnection->simpleQuery()
 4 SYSTEMPATH/Database/BaseBuilder.php(1649): CodeIgniter\Database\BaseConnection->query()
 5 APPPATH/Models/QuizModel.php(398): CodeIgniter\Database\BaseBuilder->get()
 6 APPPATH/Controllers/QuizController.php(63): App\Models\QuizModel->getAllQuestionDetails()
 7 SYSTEMPATH/CodeIgniter.php(933): App\Controllers\QuizController->questionDetails()
 8 SYSTEMPATH/CodeIgniter.php(507): CodeIgniter\CodeIgniter->runController()
 9 SYSTEMPATH/CodeIgniter.php(354): CodeIgniter\CodeIgniter->handleRequest()
10 SYSTEMPATH/Boot.php(334): CodeIgniter\CodeIgniter->run()
11 SYSTEMPATH/Boot.php(67): CodeIgniter\Boot::runCodeIgniter()
12 FCPATH/index.php(56): CodeIgniter\Boot::bootWeb()
CRITICAL - 2025-12-20 11:07:19 --> ErrorException: Attempt to read property "started_at" on null
[Method: GET, Route: logoutTime]
in APPPATH/Models/QuizModel.php on line 464.
 1 APPPATH/Models/QuizModel.php(464): CodeIgniter\Debug\Exceptions->errorHandler()
 2 APPPATH/Controllers/QuizController.php(77): App\Models\QuizModel->updateLogoutTime()
 3 SYSTEMPATH/CodeIgniter.php(933): App\Controllers\QuizController->logoutTime()
 4 SYSTEMPATH/CodeIgniter.php(507): CodeIgniter\CodeIgniter->runController()
 5 SYSTEMPATH/CodeIgniter.php(354): CodeIgniter\CodeIgniter->handleRequest()
 6 SYSTEMPATH/Boot.php(334): CodeIgniter\CodeIgniter->run()
 7 SYSTEMPATH/Boot.php(67): CodeIgniter\Boot::runCodeIgniter()
 8 FCPATH/index.php(56): CodeIgniter\Boot::bootWeb()
CRITICAL - 2025-12-20 11:07:39 --> ErrorException: Attempt to read property "started_at" on null
[Method: GET, Route: logoutTime]
in APPPATH/Models/QuizModel.php on line 464.
 1 APPPATH/Models/QuizModel.php(464): CodeIgniter\Debug\Exceptions->errorHandler()
 2 APPPATH/Controllers/QuizController.php(77): App\Models\QuizModel->updateLogoutTime()
 3 SYSTEMPATH/CodeIgniter.php(933): App\Controllers\QuizController->logoutTime()
 4 SYSTEMPATH/CodeIgniter.php(507): CodeIgniter\CodeIgniter->runController()
 5 SYSTEMPATH/CodeIgniter.php(354): CodeIgniter\CodeIgniter->handleRequest()
 6 SYSTEMPATH/Boot.php(334): CodeIgniter\CodeIgniter->run()
 7 SYSTEMPATH/Boot.php(67): CodeIgniter\Boot::runCodeIgniter()
 8 FCPATH/index.php(56): CodeIgniter\Boot::bootWeb()
CRITICAL - 2025-12-20 11:07:43 --> ErrorException: Attempt to read property "started_at" on null
[Method: GET, Route: logoutTime]
in APPPATH/Models/QuizModel.php on line 464.
 1 APPPATH/Models/QuizModel.php(464): CodeIgniter\Debug\Exceptions->errorHandler()
 2 APPPATH/Controllers/QuizController.php(77): App\Models\QuizModel->updateLogoutTime()
 3 SYSTEMPATH/CodeIgniter.php(933): App\Controllers\QuizController->logoutTime()
 4 SYSTEMPATH/CodeIgniter.php(507): CodeIgniter\CodeIgniter->runController()
 5 SYSTEMPATH/CodeIgniter.php(354): CodeIgniter\CodeIgniter->handleRequest()
 6 SYSTEMPATH/Boot.php(334): CodeIgniter\CodeIgniter->run()
 7 SYSTEMPATH/Boot.php(67): CodeIgniter\Boot::runCodeIgniter()
 8 FCPATH/index.php(56): CodeIgniter\Boot::bootWeb()
CRITICAL - 2025-12-20 11:07:52 --> ErrorException: Attempt to read property "started_at" on null
[Method: GET, Route: logoutTime]
in APPPATH/Models/QuizModel.php on line 464.
 1 APPPATH/Models/QuizModel.php(464): CodeIgniter\Debug\Exceptions->errorHandler()
 2 APPPATH/Controllers/QuizController.php(77): App\Models\QuizModel->updateLogoutTime()
 3 SYSTEMPATH/CodeIgniter.php(933): App\Controllers\QuizController->logoutTime()
 4 SYSTEMPATH/CodeIgniter.php(507): CodeIgniter\CodeIgniter->runController()
 5 SYSTEMPATH/CodeIgniter.php(354): CodeIgniter\CodeIgniter->handleRequest()
 6 SYSTEMPATH/Boot.php(334): CodeIgniter\CodeIgniter->run()
 7 SYSTEMPATH/Boot.php(67): CodeIgniter\Boot::runCodeIgniter()
 8 FCPATH/index.php(56): CodeIgniter\Boot::bootWeb()
CRITICAL - 2025-12-20 11:07:55 --> ErrorException: Attempt to read property "started_at" on null
[Method: GET, Route: logoutTime]
in APPPATH/Models/QuizModel.php on line 464.
 1 APPPATH/Models/QuizModel.php(464): CodeIgniter\Debug\Exceptions->errorHandler()
 2 APPPATH/Controllers/QuizController.php(77): App\Models\QuizModel->updateLogoutTime()
 3 SYSTEMPATH/CodeIgniter.php(933): App\Controllers\QuizController->logoutTime()
 4 SYSTEMPATH/CodeIgniter.php(507): CodeIgniter\CodeIgniter->runController()
 5 SYSTEMPATH/CodeIgniter.php(354): CodeIgniter\CodeIgniter->handleRequest()
 6 SYSTEMPATH/Boot.php(334): CodeIgniter\CodeIgniter->run()
 7 SYSTEMPATH/Boot.php(67): CodeIgniter\Boot::runCodeIgniter()
 8 FCPATH/index.php(56): CodeIgniter\Boot::bootWeb()
CRITICAL - 2025-12-20 11:07:57 --> ErrorException: Attempt to read property "started_at" on null
[Method: GET, Route: logoutTime]
in APPPATH/Models/QuizModel.php on line 464.
 1 APPPATH/Models/QuizModel.php(464): CodeIgniter\Debug\Exceptions->errorHandler()
 2 APPPATH/Controllers/QuizController.php(77): App\Models\QuizModel->updateLogoutTime()
 3 SYSTEMPATH/CodeIgniter.php(933): App\Controllers\QuizController->logoutTime()
 4 SYSTEMPATH/CodeIgniter.php(507): CodeIgniter\CodeIgniter->runController()
 5 SYSTEMPATH/CodeIgniter.php(354): CodeIgniter\CodeIgniter->handleRequest()
 6 SYSTEMPATH/Boot.php(334): CodeIgniter\CodeIgniter->run()
 7 SYSTEMPATH/Boot.php(67): CodeIgniter\Boot::runCodeIgniter()
 8 FCPATH/index.php(56): CodeIgniter\Boot::bootWeb()
CRITICAL - 2025-12-20 11:08:10 --> ErrorException: Attempt to read property "started_at" on null
[Method: GET, Route: logoutTime]
in APPPATH/Models/QuizModel.php on line 464.
 1 APPPATH/Models/QuizModel.php(464): CodeIgniter\Debug\Exceptions->errorHandler()
 2 APPPATH/Controllers/QuizController.php(77): App\Models\QuizModel->updateLogoutTime()
 3 SYSTEMPATH/CodeIgniter.php(933): App\Controllers\QuizController->logoutTime()
 4 SYSTEMPATH/CodeIgniter.php(507): CodeIgniter\CodeIgniter->runController()
 5 SYSTEMPATH/CodeIgniter.php(354): CodeIgniter\CodeIgniter->handleRequest()
 6 SYSTEMPATH/Boot.php(334): CodeIgniter\CodeIgniter->run()
 7 SYSTEMPATH/Boot.php(67): CodeIgniter\Boot::runCodeIgniter()
 8 FCPATH/index.php(56): CodeIgniter\Boot::bootWeb()
CRITICAL - 2025-12-20 14:31:20 --> CodeIgniter\HTTP\Exceptions\BadRequestException: The URI you submitted has disallowed characters: "@vite"
[Method: GET, Route: @vite/env]
in SYSTEMPATH/Router/Router.php on line 739.
 1 SYSTEMPATH/Router/Router.php(207): CodeIgniter\Router\Router->checkDisallowedChars()
 2 SYSTEMPATH/CodeIgniter.php(832): CodeIgniter\Router\Router->handle()
 3 SYSTEMPATH/CodeIgniter.php(455): CodeIgniter\CodeIgniter->tryToRouteIt()
 4 SYSTEMPATH/CodeIgniter.php(354): CodeIgniter\CodeIgniter->handleRequest()
 5 SYSTEMPATH/Boot.php(334): CodeIgniter\CodeIgniter->run()
 6 SYSTEMPATH/Boot.php(67): CodeIgniter\Boot::runCodeIgniter()
 7 FCPATH/index.php(56): CodeIgniter\Boot::bootWeb()
CRITICAL - 2025-12-20 14:31:21 --> CodeIgniter\HTTP\Exceptions\BadRequestException: The URI you submitted has disallowed characters: "@vite"
[Method: GET, Route: @vite/env]
in SYSTEMPATH/Router/Router.php on line 739.
 1 SYSTEMPATH/Router/Router.php(207): CodeIgniter\Router\Router->checkDisallowedChars()
 2 SYSTEMPATH/CodeIgniter.php(832): CodeIgniter\Router\Router->handle()
 3 SYSTEMPATH/CodeIgniter.php(455): CodeIgniter\CodeIgniter->tryToRouteIt()
 4 SYSTEMPATH/CodeIgniter.php(354): CodeIgniter\CodeIgniter->handleRequest()
 5 SYSTEMPATH/Boot.php(334): CodeIgniter\CodeIgniter->run()
 6 SYSTEMPATH/Boot.php(67): CodeIgniter\Boot::runCodeIgniter()
 7 FCPATH/index.php(56): CodeIgniter\Boot::bootWeb()
CRITICAL - 2025-12-20 14:31:36 --> CodeIgniter\HTTP\Exceptions\BadRequestException: The URI you submitted has disallowed characters: ";"
[Method: GET, Route: s/0343e29383e29353e2933313/_/;/META-INF/maven/com.atlassian.jira/jira-webapp-dist/pom.properties]
in SYSTEMPATH/Router/Router.php on line 739.
 1 SYSTEMPATH/Router/Router.php(207): CodeIgniter\Router\Router->checkDisallowedChars()
 2 SYSTEMPATH/CodeIgniter.php(832): CodeIgniter\Router\Router->handle()
 3 SYSTEMPATH/CodeIgniter.php(455): CodeIgniter\CodeIgniter->tryToRouteIt()
 4 SYSTEMPATH/CodeIgniter.php(354): CodeIgniter\CodeIgniter->handleRequest()
 5 SYSTEMPATH/Boot.php(334): CodeIgniter\CodeIgniter->run()
 6 SYSTEMPATH/Boot.php(67): CodeIgniter\Boot::runCodeIgniter()
 7 FCPATH/index.php(56): CodeIgniter\Boot::bootWeb()
CRITICAL - 2025-12-20 14:31:37 --> CodeIgniter\HTTP\Exceptions\BadRequestException: The URI you submitted has disallowed characters: ";"
[Method: GET, Route: s/0343e29383e29353e2933313/_/;/META-INF/maven/com.atlassian.jira/jira-webapp-dist/pom.properties]
in SYSTEMPATH/Router/Router.php on line 739.
 1 SYSTEMPATH/Router/Router.php(207): CodeIgniter\Router\Router->checkDisallowedChars()
 2 SYSTEMPATH/CodeIgniter.php(832): CodeIgniter\Router\Router->handle()
 3 SYSTEMPATH/CodeIgniter.php(455): CodeIgniter\CodeIgniter->tryToRouteIt()
 4 SYSTEMPATH/CodeIgniter.php(354): CodeIgniter\CodeIgniter->handleRequest()
 5 SYSTEMPATH/Boot.php(334): CodeIgniter\CodeIgniter->run()
 6 SYSTEMPATH/Boot.php(67): CodeIgniter\Boot::runCodeIgniter()
 7 FCPATH/index.php(56): CodeIgniter\Boot::bootWeb()
